#
# There is insufficient memory for the Java Runtime Environment to continue.
# Native memory allocation (malloc) failed to allocate 1048576 bytes for AllocateHeap
# Possible reasons:
#   The system is out of physical RAM or swap space
#   In 32 bit mode, the process size limit was hit
# Possible solutions:
#   Reduce memory load on the system
#   Increase physical memory or swap space
#   Check if swap backing store is full
#   Use 64 bit Java on a 64 bit OS
#   Decrease Java heap size (-Xmx/-Xms)
#   Decrease number of Java threads
#   Decrease Java thread stack sizes (-Xss)
#   Set larger code cache with -XX:ReservedCodeCacheSize=
# This output file may be truncated or incomplete.
#
#  Out of Memory Error (memory/allocation.inline.hpp:61), pid=6952, tid=4384
#
# JRE version:  (7.0_45-b18) (build )
# Java VM: Java HotSpot(TM) 64-Bit Server VM (24.45-b08 mixed mode windows-amd64 compressed oops)
# Failed to write core dump. Minidumps are not enabled by default on client versions of Windows
#

---------------  T H R E A D  ---------------

Current thread (0x0000000002530800):  JavaThread "Unknown thread" [_thread_in_vm, id=4384, stack(0x0000000002430000,0x0000000002530000)]

Stack: [0x0000000002430000,0x0000000002530000]

---------------  P R O C E S S  ---------------

Java Threads: ( => current thread )

Other Threads:

=>0x0000000002530800 (exited) JavaThread "Unknown thread" [_thread_in_vm, id=4384, stack(0x0000000002430000,0x0000000002530000)]

VM state:not at safepoint (normal execution)

VM Mutex/Monitor currently owned by a thread: None

Heap
 PSYoungGen      total 18944K, used 327K [0x00000000eb300000, 0x00000000ec800000, 0x0000000100000000)
  eden space 16384K, 2% used [0x00000000eb300000,0x00000000eb351f28,0x00000000ec300000)
  from space 2560K, 0% used [0x00000000ec580000,0x00000000ec580000,0x00000000ec800000)
  to   space 2560K, 0% used [0x00000000ec300000,0x00000000ec300000,0x00000000ec580000)
 ParOldGen       total 42496K, used 0K [0x00000000c1a00000, 0x00000000c4380000, 0x00000000eb300000)
  object space 42496K, 0% used [0x00000000c1a00000,0x00000000c1a00000,0x00000000c4380000)
 PSPermGen       total 21504K, used 673K [0x00000000bc800000, 0x00000000bdd00000, 0x00000000c1a00000)
  object space 21504K, 3% used [0x00000000bc800000,0x00000000bc8a8570,0x00000000bdd00000)

Card table byte_map: [0x00000000056f0000,0x0000000005910000] byte_map_base: 0x000000000510c000

Polling page: 0x0000000000c20000

Code Cache  [0x0000000002630000, 0x00000000028a0000, 0x0000000005630000)
 total_blobs=38 nmethods=0 adapters=20 free_code_cache=48889Kb largest_free_block=50062528

Compilation events (0 events):
No events

GC Heap History (0 events):
No events

Deoptimization events (0 events):
No events

Internal exceptions (0 events):
No events

Events (10 events):
Event: 0.335 loading class 0x0000000002576460
Event: 0.335 loading class 0x0000000002576460 done
Event: 0.335 loading class 0x00000000025764b0
Event: 0.335 loading class 0x00000000025764b0 done
Event: 0.335 loading class 0x0000000002576500
Event: 0.335 loading class 0x0000000002576500 done
Event: 0.336 loading class 0x0000000002577260
Event: 0.336 loading class 0x0000000002577260 done
Event: 0.336 loading class 0x0000000002576e80
Event: 0.336 loading class 0x0000000002576e80 done


Dynamic libraries:
0x000007f789220000 - 0x000007f789253000 	C:\Program Files\Java\jdk1.7.0_45\jre\bin\java.exe
0x000007fd27770000 - 0x000007fd2792e000 	C:\Windows\SYSTEM32\ntdll.dll
0x000007fd27390000 - 0x000007fd274c6000 	C:\Windows\system32\KERNEL32.DLL
0x000007fd24770000 - 0x000007fd24863000 	C:\Windows\system32\KERNELBASE.dll
0x000007fd265e0000 - 0x000007fd266be000 	C:\Windows\system32\ADVAPI32.dll
0x000007fd27010000 - 0x000007fd2715c000 	C:\Windows\system32\USER32.dll
0x000007fd23940000 - 0x000007fd23ba9000 	C:\Windows\WinSxS\amd64_microsoft.windows.common-controls_6595b64144ccf1df_6.0.9200.16384_none_418c2a697189c07f\COMCTL32.dll
0x000007fd24c90000 - 0x000007fd24d35000 	C:\Windows\system32\msvcrt.dll
0x000007fd24d50000 - 0x000007fd24d98000 	C:\Windows\SYSTEM32\sechost.dll
0x000007fd26b80000 - 0x000007fd26cc0000 	C:\Windows\system32\RPCRT4.dll
0x000007fd26d00000 - 0x000007fd26e40000 	C:\Windows\system32\GDI32.dll
0x000007fd26cc0000 - 0x000007fd26cf9000 	C:\Windows\system32\IMM32.DLL
0x000007fd268e0000 - 0x000007fd269f4000 	C:\Windows\system32\MSCTF.dll
0x0000000051530000 - 0x0000000051602000 	C:\Program Files\Java\jdk1.7.0_45\jre\bin\msvcr100.dll
0x0000000051610000 - 0x0000000051dd9000 	C:\Program Files\Java\jdk1.7.0_45\jre\bin\server\jvm.dll
0x000007fd1bf70000 - 0x000007fd1bf79000 	C:\Windows\SYSTEM32\WSOCK32.dll
0x000007fd1d870000 - 0x000007fd1d890000 	C:\Windows\SYSTEM32\WINMM.dll
0x000007fd265d0000 - 0x000007fd265d7000 	C:\Windows\system32\PSAPI.DLL
0x000007fd24be0000 - 0x000007fd24c38000 	C:\Windows\system32\WS2_32.dll
0x000007fd1d830000 - 0x000007fd1d862000 	C:\Windows\SYSTEM32\WINMMBASE.dll
0x000007fd24d40000 - 0x000007fd24d49000 	C:\Windows\system32\NSI.dll
0x00000000514e0000 - 0x00000000514ef000 	C:\Program Files\Java\jdk1.7.0_45\jre\bin\verify.dll
0x00000000514b0000 - 0x00000000514d8000 	C:\Program Files\Java\jdk1.7.0_45\jre\bin\java.dll
0x0000000051490000 - 0x00000000514a5000 	C:\Program Files\Java\jdk1.7.0_45\jre\bin\zip.dll

VM Arguments:
jvm_args: -Dfile.encoding=UTF-8 
java_command: MainWindow
Launcher Type: SUN_STANDARD

Environment Variables:
PATH=C:\Windows\system32;C:\Windows;C:\Windows\System32\Wbem;C:\Windows\System32\WindowsPowerShell\v1.0\;C:\Program Files\Intel\WiFi\bin\;C:\Program Files\Common Files\Intel\WirelessCommon\;C:\Program Files (x86)\Common Files\Adobe\AGL;C:\Program Files\MATLAB\R2010b\runtime\win64;C:\Program Files\MATLAB\R2010b\bin;C:\Program Files\Intel\WiFi\bin\;C:\Program Files\Common Files\Intel\WirelessCommon\
USERNAME=Iddamalgoda
OS=Windows_NT
PROCESSOR_IDENTIFIER=Intel64 Family 6 Model 42 Stepping 7, GenuineIntel



---------------  S Y S T E M  ---------------

OS: Windows 8 , 64 bit Build 9200 

CPU:total 4 (2 cores per cpu, 2 threads per core) family 6 model 42 stepping 7, cmov, cx8, fxsr, mmx, sse, sse2, sse3, ssse3, sse4.1, sse4.2, popcnt, avx, aes, ht, tsc, tscinvbit

Memory: 4k page, physical 4085928k(844232k free), swap 16668840k(5660k free)

vm_info: Java HotSpot(TM) 64-Bit Server VM (24.45-b08) for windows-amd64 JRE (1.7.0_45-b18), built on Oct  8 2013 05:47:22 by "java_re" with unknown MS VC++:1600

time: Sat Jan 25 23:56:57 2014
elapsed time: 0 seconds

